0 info it worked if it ends with ok
1 verbose cli [ '/usr/bin/node',
1 verbose cli   '/usr/bin/npm',
1 verbose cli   'install',
1 verbose cli   'grunt-cookie-signature',
1 verbose cli   '--save' ]
2 info using npm@2.14.9
3 info using node@v0.12.8
4 verbose node symlink /usr/bin/node
5 verbose install initial load of /home/soumya/Desktop/angularapp/package.json
6 verbose installManyTop reading scoped package data from /home/soumya/Desktop/angularapp/node_modules/autoprefixer-core/package.json
7 verbose installManyTop reading scoped package data from /home/soumya/Desktop/angularapp/node_modules/grunt/package.json
8 verbose installManyTop reading scoped package data from /home/soumya/Desktop/angularapp/node_modules/grunt-concurrent/package.json
9 verbose installManyTop reading scoped package data from /home/soumya/Desktop/angularapp/node_modules/grunt-contrib-clean/package.json
10 verbose installManyTop reading scoped package data from /home/soumya/Desktop/angularapp/node_modules/grunt-contrib-concat/package.json
11 verbose installManyTop reading scoped package data from /home/soumya/Desktop/angularapp/node_modules/grunt-contrib-connect/package.json
12 verbose installManyTop reading scoped package data from /home/soumya/Desktop/angularapp/node_modules/grunt-contrib-copy/package.json
13 verbose installManyTop reading scoped package data from /home/soumya/Desktop/angularapp/node_modules/grunt-contrib-imagemin/package.json
14 verbose installManyTop reading scoped package data from /home/soumya/Desktop/angularapp/node_modules/grunt-contrib-jshint/package.json
15 verbose installManyTop reading scoped package data from /home/soumya/Desktop/angularapp/node_modules/grunt-contrib-uglify/package.json
16 verbose installManyTop reading scoped package data from /home/soumya/Desktop/angularapp/node_modules/grunt-contrib-watch/package.json
17 verbose installManyTop reading scoped package data from /home/soumya/Desktop/angularapp/node_modules/grunt-filerev/package.json
18 verbose installManyTop reading scoped package data from /home/soumya/Desktop/angularapp/node_modules/grunt-jscs/package.json
19 verbose installManyTop reading scoped package data from /home/soumya/Desktop/angularapp/node_modules/grunt-newer/package.json
20 verbose installManyTop reading scoped package data from /home/soumya/Desktop/angularapp/node_modules/grunt-ng-annotate/package.json
21 verbose installManyTop reading scoped package data from /home/soumya/Desktop/angularapp/node_modules/grunt-serve/package.json
22 verbose installManyTop reading scoped package data from /home/soumya/Desktop/angularapp/node_modules/grunt-svgmin/package.json
23 verbose installManyTop reading scoped package data from /home/soumya/Desktop/angularapp/node_modules/grunt-usemin/package.json
24 verbose installManyTop reading scoped package data from /home/soumya/Desktop/angularapp/node_modules/grunt-wiredep/package.json
25 verbose installManyTop reading scoped package data from /home/soumya/Desktop/angularapp/node_modules/jasmine-core/package.json
26 verbose installManyTop reading scoped package data from /home/soumya/Desktop/angularapp/node_modules/jit-grunt/package.json
27 verbose installManyTop reading scoped package data from /home/soumya/Desktop/angularapp/node_modules/jshint-stylish/package.json
28 verbose installManyTop reading scoped package data from /home/soumya/Desktop/angularapp/node_modules/karma-jasmine/package.json
29 verbose installManyTop reading scoped package data from /home/soumya/Desktop/angularapp/node_modules/time-grunt/package.json
30 info package.json grunt-contrib-clean@0.6.0 No license field.
31 info package.json grunt-serve@0.1.6 No license field.
32 info package.json grunt-wiredep@2.0.0 No license field.
33 info package.json grunt-contrib-concat@0.5.1 No license field.
34 info package.json grunt-contrib-connect@0.9.0 No license field.
35 info package.json grunt@0.4.5 No license field.
36 info package.json grunt-contrib-copy@0.7.0 No license field.
37 info package.json grunt-contrib-imagemin@0.9.4 No license field.
38 info package.json grunt-contrib-uglify@0.7.0 No license field.
39 info package.json grunt-contrib-watch@0.6.1 No license field.
40 info package.json grunt-filerev@2.3.1 license should be a valid SPDX license expression
41 info package.json grunt-svgmin@2.0.1 No license field.
42 verbose readDependencies loading dependencies from /home/soumya/Desktop/angularapp/package.json
43 silly cache add args [ 'grunt-cookie-signature', null ]
44 verbose cache add spec grunt-cookie-signature
45 silly cache add parsed spec { raw: 'grunt-cookie-signature',
45 silly cache add   scope: null,
45 silly cache add   name: 'grunt-cookie-signature',
45 silly cache add   rawSpec: '',
45 silly cache add   spec: '*',
45 silly cache add   type: 'range' }
46 silly addNamed grunt-cookie-signature@*
47 verbose addNamed "*" is a valid semver range for grunt-cookie-signature
48 silly addNameRange { name: 'grunt-cookie-signature', range: '*', hasData: false }
49 silly mapToRegistry name grunt-cookie-signature
50 silly mapToRegistry using default registry
51 silly mapToRegistry registry https://registry.npmjs.org/
52 silly mapToRegistry uri https://registry.npmjs.org/grunt-cookie-signature
53 verbose addNameRange registry:https://registry.npmjs.org/grunt-cookie-signature not in flight; fetching
54 verbose request uri https://registry.npmjs.org/grunt-cookie-signature
55 verbose request no auth needed
56 info attempt registry request try #1 at 3:48:02 PM
57 verbose request id 588d2d0469f43e05
58 http request GET https://registry.npmjs.org/grunt-cookie-signature
59 http 404 https://registry.npmjs.org/grunt-cookie-signature
60 verbose headers { 'content-type': 'application/json',
60 verbose headers   'cache-control': 'max-age=0',
60 verbose headers   'content-length': '2',
60 verbose headers   'accept-ranges': 'bytes',
60 verbose headers   date: 'Sat, 28 Nov 2015 10:18:03 GMT',
60 verbose headers   via: '1.1 varnish',
60 verbose headers   age: '0',
60 verbose headers   connection: 'keep-alive',
60 verbose headers   'x-served-by': 'cache-sin6926-SIN',
60 verbose headers   'x-cache': 'MISS',
60 verbose headers   'x-cache-hits': '0',
60 verbose headers   'x-timer': 'S1448705883.501250,VS0,VE252' }
61 silly get cb [ 404,
61 silly get   { 'content-type': 'application/json',
61 silly get     'cache-control': 'max-age=0',
61 silly get     'content-length': '2',
61 silly get     'accept-ranges': 'bytes',
61 silly get     date: 'Sat, 28 Nov 2015 10:18:03 GMT',
61 silly get     via: '1.1 varnish',
61 silly get     age: '0',
61 silly get     connection: 'keep-alive',
61 silly get     'x-served-by': 'cache-sin6926-SIN',
61 silly get     'x-cache': 'MISS',
61 silly get     'x-cache-hits': '0',
61 silly get     'x-timer': 'S1448705883.501250,VS0,VE252' } ]
62 verbose stack Error: Registry returned 404 for GET on https://registry.npmjs.org/grunt-cookie-signature
62 verbose stack     at makeError (/usr/lib/node_modules/npm/node_modules/npm-registry-client/lib/request.js:264:12)
62 verbose stack     at CachingRegistryClient.<anonymous> (/usr/lib/node_modules/npm/node_modules/npm-registry-client/lib/request.js:242:14)
62 verbose stack     at Request._callback (/usr/lib/node_modules/npm/node_modules/npm-registry-client/lib/request.js:172:14)
62 verbose stack     at Request.self.callback (/usr/lib/node_modules/npm/node_modules/request/request.js:198:22)
62 verbose stack     at Request.emit (events.js:110:17)
62 verbose stack     at Request.<anonymous> (/usr/lib/node_modules/npm/node_modules/request/request.js:1082:10)
62 verbose stack     at Request.emit (events.js:129:20)
62 verbose stack     at IncomingMessage.<anonymous> (/usr/lib/node_modules/npm/node_modules/request/request.js:1009:12)
62 verbose stack     at IncomingMessage.emit (events.js:129:20)
62 verbose stack     at _stream_readable.js:908:16
63 verbose statusCode 404
64 verbose pkgid grunt-cookie-signature
65 verbose cwd /home/soumya/Desktop/angularapp/app/scripts
66 error Linux 3.13.0-32-generic
67 error argv "/usr/bin/node" "/usr/bin/npm" "install" "grunt-cookie-signature" "--save"
68 error node v0.12.8
69 error npm  v2.14.9
70 error code E404
71 error 404 Registry returned 404 for GET on https://registry.npmjs.org/grunt-cookie-signature
71 error 404
71 error 404 'grunt-cookie-signature' is not in the npm registry.
71 error 404 You should bug the author to publish it (or use the name yourself!)
71 error 404 It was specified as a dependency of 'angularapp'
71 error 404
71 error 404 Note that you can also install from a
71 error 404 tarball, folder, http url, or git url.
72 verbose exit [ 1, true ]
